<?xml version="1.0" encoding="UTF-8"?>
<testng-results ignored="0" total="1" passed="1" failed="0" skipped="0">
  <reporter-output>
  </reporter-output>
  <suite started-at="2024-04-02T09:58:09 IST" name="Default suite" finished-at="2024-04-02T09:58:19 IST" duration-ms="9285">
    <groups>
    </groups>
    <test started-at="2024-04-02T09:58:09 IST" name="Default test" finished-at="2024-04-02T09:58:19 IST" duration-ms="9285">
      <class name="package_01.Class_01">
        <test-method signature="login()[pri:0, instance:package_01.Class_01@7ed7259e]" started-at="2024-04-02T09:58:09 IST" name="login" finished-at="2024-04-02T09:58:19 IST" duration-ms="9234" status="PASS">
          <reporter-output>
          </reporter-output>
        </test-method> <!-- login -->
      </class> <!-- package_01.Class_01 -->
    </test> <!-- Default test -->
  </suite> <!-- Default suite -->
</testng-results>
